<?xml version="1.0" encoding="UTF-8"?>
<!-- Generated by org.testng.reporters.JUnitReportReporter -->
<testsuite hostname="bdc10676690251c" failures="0" tests="6" name="com.automation.test.TestCase" time="30.952" errors="0" timestamp="2024-10-26T14:17:04 IST" skipped="0">
  <testcase classname="com.automation.test.TestCase" name="registerUserTest" time="5.550"/>
  <system-out/>
  <testcase classname="com.automation.test.TestCase" name="signInTest" time="6.410"/>
  <system-out/>
  <testcase classname="com.automation.test.TestCase" name="SearchFunctionalityTest" time="4.867"/>
  <system-out/>
  <testcase classname="com.automation.test.TestCase" name="SearchFunctionalityTest" time="5.246"/>
  <system-out/>
  <testcase classname="com.automation.test.TestCase" name="addToCartTest" time="5.096"/>
  <system-out/>
  <testcase classname="com.automation.test.TestCase" name="LogOutTest" time="3.783"/>
  <system-out/>
</testsuite> <!-- com.automation.test.TestCase -->
