<?xml version="1.0" encoding="UTF-8"?>
<!-- Generated by org.testng.reporters.JUnitReportReporter -->
<testsuite hostname="bdc10676690251c" failures="0" tests="2" name="com.testng.dataProvider.Assign01.Demo" time="0.014" errors="0" timestamp="2024-10-24T14:54:30 IST" skipped="0">
  <testcase classname="com.testng.dataProvider.Assign01.Demo" name="createuser" time="0.002"/>
  <system-out/>
  <testcase classname="com.testng.dataProvider.Assign01.Demo" name="createuser" time="0.012"/>
  <system-out/>
</testsuite> <!-- com.testng.dataProvider.Assign01.Demo -->
