<?xml version="1.0" encoding="UTF-8"?>
<!-- Generated by org.testng.reporters.JUnitReportReporter -->
<testsuite hostname="bdc10676690251c" failures="0" tests="7" name="com.testng.TestClass" time="0.026" errors="0" timestamp="2024-10-24T16:24:39 IST" skipped="0">
  <testcase classname="com.testng.TestClass" name="fun1" time="0.003"/>
  <system-out/>
  <testcase classname="com.testng.TestClass" name="Fun1" time="0.010"/>
  <system-out/>
  <testcase classname="com.testng.TestClass" name="loginFunctionality" time="0.003"/>
  <system-out/>
  <testcase classname="com.testng.TestClass" name="zun" time="0.001"/>
  <system-out/>
  <testcase classname="com.testng.TestClass" name="searchFunctionality" time="0.003"/>
  <system-out/>
  <testcase classname="com.testng.TestClass" name="openBrowser" time="0.001"/>
  <system-out/>
  <testcase classname="com.testng.TestClass" name="logoutFunctionality" time="0.005"/>
  <system-out/>
</testsuite> <!-- com.testng.TestClass -->
