<?xml version="1.0" encoding="UTF-8"?>
<!-- Generated by org.testng.reporters.JUnitReportReporter -->
<testsuite hostname="bdc10676690251c" failures="0" tests="2" name="com.testng.dataProvider.Assign01.RegistrationTest" time="20.638" errors="0" timestamp="2024-10-24T15:35:10 IST" skipped="0">
  <testcase classname="com.testng.dataProvider.Assign01.RegistrationTest" name="registerUser" time="10.055"/>
  <system-out/>
  <testcase classname="com.testng.dataProvider.Assign01.RegistrationTest" name="registerUser" time="10.583"/>
  <system-out/>
</testsuite> <!-- com.testng.dataProvider.Assign01.RegistrationTest -->
