<?xml version="1.0" encoding="UTF-8"?>
<!-- Generated by org.testng.reporters.JUnitReportReporter -->
<testsuite hostname="bdc10676690251c" failures="0" tests="1" name="com.testng.Assign02.OrengeHRM" time="8.819" errors="0" timestamp="2024-10-24T12:08:42 IST" skipped="0">
  <testcase classname="com.testng.Assign02.OrengeHRM" name="logInPage" time="8.819"/>
  <system-out/>
</testsuite> <!-- com.testng.Assign02.OrengeHRM -->
