<?xml version="1.0" encoding="UTF-8"?>
<!-- Generated by org.testng.reporters.JUnitReportReporter -->
<testsuite hostname="bdc10676690251c" failures="0" tests="10" name="com.testng.demoproject.TestCase" time="57.474" errors="0" timestamp="2024-10-25T09:19:30 IST" skipped="0">
  <testcase classname="com.testng.demoproject.TestCase" name="registerUserTest" time="6.851"/>
  <system-out/>
  <testcase classname="com.testng.demoproject.TestCase" name="registerUserTest" time="5.750"/>
  <system-out/>
  <testcase classname="com.testng.demoproject.TestCase" name="signInTest" time="9.102"/>
  <system-out/>
  <testcase classname="com.testng.demoproject.TestCase" name="signInTest" time="7.227"/>
  <system-out/>
  <testcase classname="com.testng.demoproject.TestCase" name="SearchFunctionalityTest" time="5.171"/>
  <system-out/>
  <testcase classname="com.testng.demoproject.TestCase" name="SearchFunctionalityTest" time="4.991"/>
  <system-out/>
  <testcase classname="com.testng.demoproject.TestCase" name="SearchFunctionalityTest" time="4.997"/>
  <system-out/>
  <testcase classname="com.testng.demoproject.TestCase" name="SearchFunctionalityTest" time="5.118"/>
  <system-out/>
  <testcase classname="com.testng.demoproject.TestCase" name="addToCartTest" time="4.139"/>
  <system-out/>
  <testcase classname="com.testng.demoproject.TestCase" name="addToCartTest" time="4.128"/>
  <system-out/>
</testsuite> <!-- com.testng.demoproject.TestCase -->
