<?xml version="1.0" encoding="UTF-8"?>
<!-- Generated by org.testng.reporters.JUnitReportReporter -->
<testsuite hostname="bdc10676690251c" failures="0" tests="1" name="com.testng.Assign01.Sum" time="0.016" errors="0" timestamp="2024-10-24T11:17:58 IST" skipped="0">
  <testcase classname="com.testng.Assign01.Sum" name="add" time="0.016"/>
  <system-out/>
</testsuite> <!-- com.testng.Assign01.Sum -->
